<?xml version="1.0" encoding="UTF-8"?>
<testng-results skipped="0" failed="0" total="1" passed="1">
  <reporter-output>
  </reporter-output>
  <suite name="Default suite" duration-ms="44159" started-at="2016-03-30T06:59:16Z" finished-at="2016-03-30T07:00:00Z">
    <groups>
    </groups>
    <test name="Default test" duration-ms="44159" started-at="2016-03-30T06:59:16Z" finished-at="2016-03-30T07:00:00Z">
      <class name="com.orangehrm.baseclass.login">
        <test-method status="PASS" signature="logintest()[pri:0, instance:com.orangehrm.baseclass.login@596fde80]" name="logintest" duration-ms="44125" started-at="2016-03-30T12:29:16Z" finished-at="2016-03-30T12:30:00Z">
          <reporter-output>
          </reporter-output>
        </test-method> <!-- logintest -->
      </class> <!-- com.orangehrm.baseclass.login -->
    </test> <!-- Default test -->
  </suite> <!-- Default suite -->
</testng-results>
